<?xml version="1.0" encoding="UTF-8"?>
<testng-results ignored="0" total="1" passed="1" failed="0" skipped="0">
  <reporter-output>
  </reporter-output>
  <suite started-at="2019-09-12T16:13:30Z" name="Default suite" finished-at="2019-09-12T16:13:54Z" duration-ms="23935">
    <groups>
    </groups>
    <test started-at="2019-09-12T16:13:30Z" name="Default test" finished-at="2019-09-12T16:13:54Z" duration-ms="23935">
      <class name="DiscoveryGroup.DiscoveryPrjt2.selTest2">
        <test-method signature="test1(java.lang.String)[pri:0, instance:DiscoveryGroup.DiscoveryPrjt2.selTest2@524d6d96]" started-at="2019-09-12T16:13:30Z" name="test1" finished-at="2019-09-12T16:13:54Z" duration-ms="23912" status="PASS">
          <params>
            <param index="0">
              <value>
                <![CDATA[chrome]]>
              </value>
            </param>
          </params>
          <reporter-output>
          </reporter-output>
        </test-method> <!-- test1 -->
      </class> <!-- DiscoveryGroup.DiscoveryPrjt2.selTest2 -->
    </test> <!-- Default test -->
  </suite> <!-- Default suite -->
</testng-results>
